Connecting to database specified by database.yml
  [1m[36m (0.2ms)[0m  [1mbegin transaction[0m


Started GET "/" for 127.0.0.1 at 2013-09-23 20:55:02 -0700
Connecting to database specified by database.yml
Processing by TeamsController#index as HTML
  [1m[36mTeam Load (0.1ms)[0m  [1mSELECT "teams".* FROM "teams" [0m
  Rendered teams/index.html.erb within layouts/application (1.4ms)
Compiled jquery.js  (1ms)  (pid 43969)
Compiled jquery_ujs.js  (0ms)  (pid 43969)
Compiled application.js  (37ms)  (pid 43969)
Completed 200 OK in 101ms (Views: 67.6ms | ActiveRecord: 1.4ms)


Started GET "/assets/application.css?body=1" for 127.0.0.1 at 2013-09-23 20:55:02 -0700
Served asset /application.css - 200 OK (4ms)


Started GET "/assets/players.css?body=1" for 127.0.0.1 at 2013-09-23 20:55:02 -0700
Served asset /players.css - 200 OK (2ms)


Started GET "/assets/jquery.js?body=1" for 127.0.0.1 at 2013-09-23 20:55:02 -0700
Served asset /jquery.js - 200 OK (5ms)


Started GET "/assets/teams.css?body=1" for 127.0.0.1 at 2013-09-23 20:55:02 -0700
Served asset /teams.css - 200 OK (2ms)


Started GET "/assets/jquery_ujs.js?body=1" for 127.0.0.1 at 2013-09-23 20:55:02 -0700
Served asset /jquery_ujs.js - 200 OK (2ms)


Started GET "/assets/teams.js?body=1" for 127.0.0.1 at 2013-09-23 20:55:02 -0700
Served asset /teams.js - 200 OK (4ms)


Started GET "/assets/application.js?body=1" for 127.0.0.1 at 2013-09-23 20:55:02 -0700
Served asset /application.js - 200 OK (49ms)


Started GET "/assets/players.js?body=1" for 127.0.0.1 at 2013-09-23 20:55:02 -0700
Served asset /players.js - 200 OK (1ms)


Started GET "/teams/1" for 127.0.0.1 at 2013-09-23 20:55:06 -0700
Processing by TeamsController#show as HTML
  Parameters: {"id"=>"1"}
  [1m[35mTeam Load (0.4ms)[0m  SELECT "teams".* FROM "teams" WHERE "teams"."id" = ? LIMIT 1  [["id", "1"]]
  [1m[36mPlayer Load (0.1ms)[0m  [1mSELECT "players".* FROM "players" WHERE "players"."team_id" = 1[0m
  Rendered teams/show.html.erb within layouts/application (13.0ms)
Completed 200 OK in 48ms (Views: 34.7ms | ActiveRecord: 0.6ms)
Connecting to database specified by database.yml
Connecting to database specified by database.yml
  [1m[36m (0.8ms)[0m  [1mSELECT "schema_migrations"."version" FROM "schema_migrations" [0m
Migrating to CreatePlayers (20130923232606)
Migrating to AddColumnsToPlayer (20130923232705)
Migrating to CreateTeams (20130923232909)
Migrating to AddColumnToPlayers (20130923235251)
Migrating to RemoveColumnFromPlayers (20130923235439)
Migrating to CreateContracts (20130924035653)
  [1m[35m (0.0ms)[0m  select sqlite_version(*)
  [1m[36m (0.0ms)[0m  [1mbegin transaction[0m
  [1m[35m (0.3ms)[0m  CREATE TABLE "contracts" ("id" INTEGER PRIMARY KEY AUTOINCREMENT NOT NULL, "player_id" integer, "length" integer, "created_at" datetime NOT NULL, "updated_at" datetime NOT NULL) 
  [1m[36m (0.1ms)[0m  [1mINSERT INTO "schema_migrations" ("version") VALUES ('20130924035653')[0m
  [1m[35m (5063.6ms)[0m  commit transaction
SQLite3::BusyException: database is locked: commit transaction
  [1m[36m (1.1ms)[0m  [1mrollback transaction[0m
Connecting to database specified by database.yml
  [1m[36m (0.7ms)[0m  [1mSELECT "schema_migrations"."version" FROM "schema_migrations" [0m
Migrating to CreatePlayers (20130923232606)
Migrating to AddColumnsToPlayer (20130923232705)
Migrating to CreateTeams (20130923232909)
Migrating to AddColumnToPlayers (20130923235251)
Migrating to RemoveColumnFromPlayers (20130923235439)
Migrating to CreateContracts (20130924035653)
  [1m[35m (0.0ms)[0m  select sqlite_version(*)
  [1m[36m (0.0ms)[0m  [1mbegin transaction[0m
  [1m[35m (0.3ms)[0m  CREATE TABLE "contracts" ("id" INTEGER PRIMARY KEY AUTOINCREMENT NOT NULL, "player_id" integer, "length" integer, "created_at" datetime NOT NULL, "updated_at" datetime NOT NULL) 
  [1m[36m (0.1ms)[0m  [1mINSERT INTO "schema_migrations" ("version") VALUES ('20130924035653')[0m
  [1m[35m (1.4ms)[0m  commit transaction
  [1m[36m (0.2ms)[0m  [1mselect sqlite_version(*)[0m
  [1m[35m (0.1ms)[0m  SELECT "schema_migrations"."version" FROM "schema_migrations" 
  [1m[36m (0.0ms)[0m  [1mPRAGMA index_list("contracts")[0m
  [1m[35m (0.0ms)[0m  PRAGMA index_list("players")
  [1m[36m (0.0ms)[0m  [1mPRAGMA index_list("teams")[0m
